Arguments: 
  C:\Program Files\nodejs\node.exe C:\Users\Alex\AppData\Roaming\npm\node_modules\yarn\bin\yarn.js init

PATH: 
  C:\Program Files (x86)\Cmder\bin;C:\Program Files (x86)\Cmder\vendor\conemu-maximus5\ConEmu\Scripts;C:\Program Files (x86)\Cmder\vendor\conemu-maximus5;C:\Program Files (x86)\Cmder\vendor\conemu-maximus5\ConEmu;C:\Windows\system32;C:\Windows;C:\Windows\System32\Wbem;C:\Windows\System32\WindowsPowerShell\v1.0\;C:\Program Files\Git\cmd;C:\Go\bin;C:\TDM-GCC-64\bin;C:\Program Files\nodejs\;C:\Program Files (x86)\Brackets\command;C:\Users\Alex\AppData\Local\Microsoft\WindowsApps;C:\Program Files\Go\bin;C:\Program Files\Glide;C:\Program Files\Microsoft VS Code Insiders\bin;C:\Users\Alex\AppData\Roaming\npm;C:\protoc\bin;C:\Projects\GoWorkspace\bin;;C:\Program Files\Git\usr\bin;C:\Program Files\Git\usr\share\vim\vim74;C:\Program Files (x86)\Cmder\

Yarn version: 
  1.1.0

Node version: 
  6.11.2

Platform: 
  win32 x64

npm manifest: 
  No manifest

yarn manifest: 
  No manifest

Lockfile: 
  No lockfile

Trace: 
  Error: canceled
      at Interface.<anonymous> (C:\Users\Alex\AppData\Roaming\npm\node_modules\yarn\lib\cli.js:119877:13)
      at emitNone (events.js:86:13)
      at Interface.emit (events.js:185:7)
      at Interface._ttyWrite (readline.js:726:16)
      at ReadStream.onkeypress (readline.js:120:10)
      at emitTwo (events.js:106:13)
      at ReadStream.emit (events.js:191:7)
      at emitKeys (internal/readline.js:389:14)
      at next (native)
      at ReadStream.onData (readline.js:972:36)
